2016-08-31 00:30:00,231 [INFO] from play.core.server.NettyServer in pool-4-thread-5 - Listening for HTTP on /0:0:0:0:0:0:0:0:9000
2016-08-31 00:30:36 +0530 [WARN] from application in ForkJoinPool-1-worker-1 - Logger configuration in conf files is deprecated and has no effect. Use a logback configuration file instead.
2016-08-31 00:30:54 +0530 [INFO] from akka.event.slf4j.Slf4jLogger in application-akka.actor.default-dispatcher-3 - Slf4jLogger started
2016-08-31 00:30:54 +0530 [INFO] from play.api.Play in ForkJoinPool-1-worker-1 - Application started (Dev)
2016-08-31 00:33:12 +0530 [WARN] from application in application-akka.actor.default-dispatcher-2 - Logger configuration in conf files is deprecated and has no effect. Use a logback configuration file instead.
2016-08-31 00:33:12 +0530 [INFO] from akka.event.slf4j.Slf4jLogger in application-akka.actor.default-dispatcher-3 - Slf4jLogger started
2016-08-31 00:33:12 +0530 [INFO] from play.api.Play in application-akka.actor.default-dispatcher-2 - Application started (Dev)
2016-08-31 00:35:47 +0530 [WARN] from application in application-akka.actor.default-dispatcher-30 - Logger configuration in conf files is deprecated and has no effect. Use a logback configuration file instead.
2016-08-31 00:35:47 +0530 [INFO] from akka.event.slf4j.Slf4jLogger in application-akka.actor.default-dispatcher-2 - Slf4jLogger started
2016-08-31 00:35:47 +0530 [INFO] from play.api.Play in application-akka.actor.default-dispatcher-30 - Application started (Dev)
2016-08-31 00:36:08 +0530 [WARN] from application in application-akka.actor.default-dispatcher-3 - Logger configuration in conf files is deprecated and has no effect. Use a logback configuration file instead.
2016-08-31 00:36:08 +0530 [INFO] from akka.event.slf4j.Slf4jLogger in application-akka.actor.default-dispatcher-3 - Slf4jLogger started
2016-08-31 00:36:09 +0530 [INFO] from play.api.Play in application-akka.actor.default-dispatcher-3 - Application started (Dev)
2016-08-31 00:36:38 +0530 [WARN] from application in application-akka.actor.default-dispatcher-2 - Logger configuration in conf files is deprecated and has no effect. Use a logback configuration file instead.
2016-08-31 00:36:39 +0530 [INFO] from akka.event.slf4j.Slf4jLogger in application-akka.actor.default-dispatcher-2 - Slf4jLogger started
2016-08-31 00:36:39 +0530 [INFO] from play.api.Play in application-akka.actor.default-dispatcher-2 - Application started (Dev)
2016-08-31 00:36:48 +0530 [WARN] from application in application-akka.actor.default-dispatcher-5 - Logger configuration in conf files is deprecated and has no effect. Use a logback configuration file instead.
2016-08-31 00:36:48 +0530 [INFO] from akka.event.slf4j.Slf4jLogger in application-akka.actor.default-dispatcher-3 - Slf4jLogger started
2016-08-31 00:36:48 +0530 [INFO] from play.api.Play in application-akka.actor.default-dispatcher-5 - Application started (Dev)
2016-08-31 00:37:23 +0530 [WARN] from application in application-akka.actor.default-dispatcher-8 - Logger configuration in conf files is deprecated and has no effect. Use a logback configuration file instead.
2016-08-31 00:37:23 +0530 [INFO] from akka.event.slf4j.Slf4jLogger in application-akka.actor.default-dispatcher-6 - Slf4jLogger started
2016-08-31 00:37:23 +0530 [INFO] from play.api.Play in application-akka.actor.default-dispatcher-8 - Application started (Dev)
2016-08-31 00:40:52 +0530 [WARN] from application in application-akka.actor.default-dispatcher-11 - Logger configuration in conf files is deprecated and has no effect. Use a logback configuration file instead.
2016-08-31 00:40:52 +0530 [INFO] from akka.event.slf4j.Slf4jLogger in application-akka.actor.default-dispatcher-4 - Slf4jLogger started
2016-08-31 00:40:52 +0530 [INFO] from play.api.Play in application-akka.actor.default-dispatcher-11 - Application started (Dev)
2016-08-31 01:06:15 +0530 [WARN] from application in application-akka.actor.default-dispatcher-27 - Logger configuration in conf files is deprecated and has no effect. Use a logback configuration file instead.
2016-08-31 01:06:15 +0530 [INFO] from akka.event.slf4j.Slf4jLogger in application-akka.actor.default-dispatcher-3 - Slf4jLogger started
2016-08-31 01:06:15 +0530 [INFO] from play.api.Play in application-akka.actor.default-dispatcher-27 - Application started (Dev)
2016-08-31 01:06:28 +0530 [WARN] from application in application-akka.actor.default-dispatcher-7 - Logger configuration in conf files is deprecated and has no effect. Use a logback configuration file instead.
2016-08-31 01:06:28 +0530 [INFO] from akka.event.slf4j.Slf4jLogger in application-akka.actor.default-dispatcher-3 - Slf4jLogger started
2016-08-31 01:06:28 +0530 [INFO] from play.api.Play in application-akka.actor.default-dispatcher-7 - Application started (Dev)
2016-08-31 01:07:06 +0530 [WARN] from application in application-akka.actor.default-dispatcher-7 - Logger configuration in conf files is deprecated and has no effect. Use a logback configuration file instead.
2016-08-31 01:07:07 +0530 [INFO] from akka.event.slf4j.Slf4jLogger in application-akka.actor.default-dispatcher-4 - Slf4jLogger started
2016-08-31 01:07:07 +0530 [INFO] from play.api.Play in application-akka.actor.default-dispatcher-7 - Application started (Dev)
